<?xml version="1.0" encoding="UTF-8"?>
<!-- Generated by org.testng.reporters.JUnitReportReporter -->
<testsuite hostname="DESKTOP-40TMDJ5" failures="0" tests="15" name="com.inetbanking.testcases.TC_LoginTest_001" time="0.000" errors="1" timestamp="2022-11-11T22:05:08 IST" skipped="14">
  <testcase classname="com.inetbanking.testcases.TC_LoginTest_001" name="loginTest" time="0.000">
    <error message="
Cannot inject @Test annotated Method [loginTest] with [class java.lang.String, class java.lang.String].
For more information on native dependency injection please refer to https://testng.org/doc/documentation-main.html#native-dependency-injection" type="org.testng.TestNGException">
      <![CDATA[org.testng.TestNGException: 
Cannot inject @Test annotated Method [loginTest] with [class java.lang.String, class java.lang.String].
For more information on native dependency injection please refer to https://testng.org/doc/documentation-main.html#native-dependency-injection
at org.testng.internal.Parameters.checkParameterTypes(Parameters.java:436)
at org.testng.internal.Parameters.createParametersForMethod(Parameters.java:350)
at org.testng.internal.Parameters.createParameters(Parameters.java:693)
at org.testng.internal.Parameters.handleParameters(Parameters.java:888)
at org.testng.internal.Parameters.handleParameters(Parameters.java:728)
at org.testng.internal.invokers.ParameterHandler.handleParameters(ParameterHandler.java:72)
at org.testng.internal.invokers.ParameterHandler.createParameters(ParameterHandler.java:51)
at org.testng.internal.invokers.TestInvoker$MethodInvocationAgent.invoke(TestInvoker.java:917)
at org.testng.internal.invokers.TestInvoker.invokeTestMethods(TestInvoker.java:194)
at org.testng.internal.invokers.TestMethodWorker.invokeTestMethods(TestMethodWorker.java:148)
at org.testng.internal.invokers.TestMethodWorker.run(TestMethodWorker.java:128)
at java.base/java.util.ArrayList.forEach(ArrayList.java:1511)
at org.testng.TestRunner.privateRun(TestRunner.java:806)
at org.testng.TestRunner.run(TestRunner.java:601)
at org.testng.SuiteRunner.runTest(SuiteRunner.java:433)
at org.testng.SuiteRunner.runSequentially(SuiteRunner.java:427)
at org.testng.SuiteRunner.privateRun(SuiteRunner.java:387)
at org.testng.SuiteRunner.run(SuiteRunner.java:330)
at org.testng.SuiteRunnerWorker.runSuite(SuiteRunnerWorker.java:52)
at org.testng.SuiteRunnerWorker.run(SuiteRunnerWorker.java:95)
at org.testng.TestNG.runSuitesSequentially(TestNG.java:1256)
at org.testng.TestNG.runSuitesLocally(TestNG.java:1176)
at org.testng.TestNG.runSuites(TestNG.java:1099)
at org.testng.TestNG.run(TestNG.java:1067)
at org.testng.remote.AbstractRemoteTestNG.run(AbstractRemoteTestNG.java:115)
at org.testng.remote.RemoteTestNG.initAndRun(RemoteTestNG.java:251)
at org.testng.remote.RemoteTestNG.main(RemoteTestNG.java:77)
]]>
    </error>
  </testcase> <!-- loginTest -->
  <system-out/>
  <testcase classname="com.inetbanking.testcases.TC_LoginTest_001" name="CustomisedStatement">
    <skipped/>
  </testcase> <!-- CustomisedStatement -->
  <system-out/>
  <testcase classname="com.inetbanking.testcases.TC_LoginTest_001" name="withdrawal">
    <skipped/>
  </testcase> <!-- withdrawal -->
  <system-out/>
  <testcase classname="com.inetbanking.testcases.TC_LoginTest_001" name="ChangePassword">
    <skipped/>
  </testcase> <!-- ChangePassword -->
  <system-out/>
  <testcase classname="com.inetbanking.testcases.TC_LoginTest_001" name="Newcustomer">
    <skipped/>
  </testcase> <!-- Newcustomer -->
  <system-out/>
  <testcase classname="com.inetbanking.testcases.TC_LoginTest_001" name="DeleteCustomer">
    <skipped/>
  </testcase> <!-- DeleteCustomer -->
  <system-out/>
  <testcase classname="com.inetbanking.testcases.TC_LoginTest_001" name="LogOut">
    <skipped/>
  </testcase> <!-- LogOut -->
  <system-out/>
  <testcase classname="com.inetbanking.testcases.TC_LoginTest_001" name="EditAccount">
    <skipped/>
  </testcase> <!-- EditAccount -->
  <system-out/>
  <testcase classname="com.inetbanking.testcases.TC_LoginTest_001" name="BalanceEnquiry">
    <skipped/>
  </testcase> <!-- BalanceEnquiry -->
  <system-out/>
  <testcase classname="com.inetbanking.testcases.TC_LoginTest_001" name="MiniStatement">
    <skipped/>
  </testcase> <!-- MiniStatement -->
  <system-out/>
  <testcase classname="com.inetbanking.testcases.TC_LoginTest_001" name="Deposite">
    <skipped/>
  </testcase> <!-- Deposite -->
  <system-out/>
  <testcase classname="com.inetbanking.testcases.TC_LoginTest_001" name="EditCustomer">
    <skipped/>
  </testcase> <!-- EditCustomer -->
  <system-out/>
  <testcase classname="com.inetbanking.testcases.TC_LoginTest_001" name="Fundtransfer">
    <skipped/>
  </testcase> <!-- Fundtransfer -->
  <system-out/>
  <testcase classname="com.inetbanking.testcases.TC_LoginTest_001" name="DeleteAccount">
    <skipped/>
  </testcase> <!-- DeleteAccount -->
  <system-out/>
  <testcase classname="com.inetbanking.testcases.TC_LoginTest_001" name="NewAccount">
    <skipped/>
  </testcase> <!-- NewAccount -->
  <system-out/>
</testsuite> <!-- com.inetbanking.testcases.TC_LoginTest_001 -->
